X:\Facultate\An 3\dotNet\MTE\MTE\MTE.Web\dist\out-tsc\src\app\app.component.js
X:\Facultate\An 3\dotNet\MTE\MTE\MTE.Web\dist\out-tsc\src\app\app.component.js.map
X:\Facultate\An 3\dotNet\MTE\MTE\MTE.Web\dist\out-tsc\src\app\app.module.js
X:\Facultate\An 3\dotNet\MTE\MTE\MTE.Web\dist\out-tsc\src\app\app.module.js.map
X:\Facultate\An 3\dotNet\MTE\MTE\MTE.Web\dist\out-tsc\src\environments\environment.js
X:\Facultate\An 3\dotNet\MTE\MTE\MTE.Web\dist\out-tsc\src\environments\environment.js.map
X:\Facultate\An 3\dotNet\MTE\MTE\MTE.Web\dist\out-tsc\src\main.js
X:\Facultate\An 3\dotNet\MTE\MTE\MTE.Web\dist\out-tsc\src\main.js.map
X:\Facultate\An 3\dotNet\MTE\MTE\MTE.Web\dist\out-tsc\src\polyfills.js
X:\Facultate\An 3\dotNet\MTE\MTE\MTE.Web\dist\out-tsc\src\polyfills.js.map
X:\Facultate\An 3\dotNet\MTE\MTE\MTE.Web\dist\out-tsc\src\test.js
X:\Facultate\An 3\dotNet\MTE\MTE\MTE.Web\dist\out-tsc\src\test.js.map
X:\Facultate\An 3\dotNet\MTE\MTE\MTE.Web\dist\out-tsc\e2e\src\app.po.js
X:\Facultate\An 3\dotNet\MTE\MTE\MTE.Web\dist\out-tsc\e2e\src\app.po.js.map
X:\Facultate\An 3\dotNet\MTE\MTE\MTE.Web\dist\out-tsc\e2e\src\app.e2e-spec.js
X:\Facultate\An 3\dotNet\MTE\MTE\MTE.Web\dist\out-tsc\e2e\src\app.e2e-spec.js.map
X:\Facultate\An 3\dotNet\MTE\MTE\MTE.Web\dist\out-tsc\src\app\app.component.spec.js
X:\Facultate\An 3\dotNet\MTE\MTE\MTE.Web\dist\out-tsc\src\app\app.component.spec.js.map
X:\Facultate\An 3\dotNet\MTE\MTE\MTE.Web\dist\out-tsc\src\environments\environment.prod.js
X:\Facultate\An 3\dotNet\MTE\MTE\MTE.Web\dist\out-tsc\src\environments\environment.prod.js.map
